Using pre-set license
Built from '2020.2/release' branch; Version is '2020.2.2f1 (068178b99f32) revision 426360'; Using compiler version '192528614'; Build Type 'Release'
OS: 'Windows 10 Home; OS build 19042.985; Version 2009; 64bit' Language: 'ko' Physical Memory: 16318 MB
BatchMode: 1, IsHumanControllingUs: 0, StartBugReporterOnCrash: 0, Is64bit: 1, IsPro: 0

 COMMAND LINE ARGUMENTS:
C:\Program Files\Unity\Hub\Editor\2020.2.2f1\Editor\Unity.exe
-adb2
-batchMode
-noUpm
-name
AssetImportWorker0
-projectPath
C:/Users/User/Documents/classgit-Hamjimin
-logFile
Logs/AssetImportWorker0.log
-srvPort
10849
Successfully changed project path to: C:/Users/User/Documents/classgit-Hamjimin
C:/Users/User/Documents/classgit-Hamjimin
Using Asset Import Pipeline V2.
Refreshing native plugins compatible for Editor in 43.63 ms, found 2 plugins.
Preloading 0 native plugins for Editor in 0.00 ms.
Initialize engine version: 2020.2.2f1 (068178b99f32)
[Subsystems] Discovering subsystems at path C:/Program Files/Unity/Hub/Editor/2020.2.2f1/Editor/Data/Resources/UnitySubsystems
[Subsystems] Discovering subsystems at path C:/Users/User/Documents/classgit-Hamjimin/Assets
GfxDevice: creating device client; threaded=0
Direct3D:
    Version:  Direct3D 11.0 [level 11.1]
    Renderer: NVIDIA GeForce GTX 1660 SUPER (ID=0x21c4)
    Vendor:   
    VRAM:     5991 MB
    Driver:   27.21.14.5671
Initialize mono
Mono path[0] = 'C:/Program Files/Unity/Hub/Editor/2020.2.2f1/Editor/Data/Managed'
Mono path[1] = 'C:/Program Files/Unity/Hub/Editor/2020.2.2f1/Editor/Data/MonoBleedingEdge/lib/mono/unityjit'
Mono config path = 'C:/Program Files/Unity/Hub/Editor/2020.2.2f1/Editor/Data/MonoBleedingEdge/etc'
Using monoOptions --debugger-agent=transport=dt_socket,embedding=1,server=y,suspend=n,address=127.0.0.1:56852
Begin MonoManager ReloadAssembly
Registering precompiled unity dll's ...
Register platform support module: C:/Program Files/Unity/Hub/Editor/2020.2.2f1/Editor/Data/PlaybackEngines/WindowsStandaloneSupport/UnityEditor.WindowsStandalone.Extensions.dll
Registered in 0.003625 seconds.
Native extension for WindowsStandalone target not found
Refreshing native plugins compatible for Editor in 37.67 ms, found 2 plugins.
Preloading 0 native plugins for Editor in 0.00 ms.
Invoked RoslynAnalysisRunner static constructor.
RoslynAnalysisRunner will not be running.
RoslynAnalysisRunner has terminated.
Mono: successfully reloaded assembly
- Completed reload, in  2.015 seconds
Platform modules already initialized, skipping
Registering precompiled user dll's ...
Registered in 0.010500 seconds.
Begin MonoManager ReloadAssembly
Native extension for WindowsStandalone target not found
Refreshing native plugins compatible for Editor in 39.65 ms, found 2 plugins.
Preloading 0 native plugins for Editor in 0.00 ms.
Invoked RoslynAnalysisRunner static constructor.
RoslynAnalysisRunner will not be running.
RoslynAnalysisRunner has terminated.
Mono: successfully reloaded assembly
- Completed reload, in  1.010 seconds
Platform modules already initialized, skipping
========================================================================
Worker process is ready to serve import requests
Launched and connected shader compiler UnityShaderCompiler.exe after 0.06 seconds
Refreshing native plugins compatible for Editor in 0.44 ms, found 2 plugins.
Preloading 0 native plugins for Editor in 0.00 ms.
Unloading 1812 Unused Serialized files (Serialized files now loaded: 0)
System memory in use before: 88.0 MB.
System memory in use after: 88.0 MB.

Unloading 40 unused Assets to reduce memory usage. Loaded Objects now: 2323.
Total: 2.162200 ms (FindLiveObjects: 0.280400 ms CreateObjectMapping: 0.051500 ms MarkObjects: 1.696600 ms  DeleteObjects: 0.132100 ms)

========================================================================
Received Import Request.
  path: Assets/Script/Camera.cs
  artifactKey: Guid(f64f6754dbec1934e862378f8e3a61c9) Importer(815301076,1909f56bfc062723c751e8b465ee728b)
Start importing Assets/Script/Camera.cs using Guid(f64f6754dbec1934e862378f8e3a61c9) Importer(815301076,1909f56bfc062723c751e8b465ee728b)  -> (artifact id: '0e48b92c51a1cff950ca7c4f1b5efd52') in 0.039053 seconds
  Import took 0.042136 seconds .

========================================================================
Received Prepare
Registering precompiled user dll's ...
Registered in 0.012506 seconds.
Begin MonoManager ReloadAssembly
Native extension for WindowsStandalone target not found
Refreshing native plugins compatible for Editor in 0.49 ms, found 2 plugins.
Preloading 0 native plugins for Editor in 0.00 ms.
Invoked RoslynAnalysisRunner static constructor.
RoslynAnalysisRunner will not be running.
RoslynAnalysisRunner has terminated.
Mono: successfully reloaded assembly
- Completed reload, in  1.443 seconds
Platform modules already initialized, skipping
Refreshing native plugins compatible for Editor in 0.51 ms, found 2 plugins.
Preloading 0 native plugins for Editor in 0.00 ms.
Unloading 1807 Unused Serialized files (Serialized files now loaded: 0)
System memory in use before: 88.1 MB.
System memory in use after: 88.1 MB.

Unloading 28 unused Assets to reduce memory usage. Loaded Objects now: 2326.
Total: 2.523600 ms (FindLiveObjects: 0.433400 ms CreateObjectMapping: 0.131800 ms MarkObjects: 1.846100 ms  DeleteObjects: 0.110200 ms)

========================================================================
Received Import Request.
  Time since last request: 76.770723 seconds.
  path: Assets/Script/Camera.cs
  artifactKey: Guid(f64f6754dbec1934e862378f8e3a61c9) Importer(815301076,1909f56bfc062723c751e8b465ee728b)
Start importing Assets/Script/Camera.cs using Guid(f64f6754dbec1934e862378f8e3a61c9) Importer(815301076,1909f56bfc062723c751e8b465ee728b)  -> (artifact id: '4d70c8cd0e1996274c3f7365e69b65d1') in 0.011527 seconds
  Import took 0.014882 seconds .

========================================================================
Received Prepare
Registering precompiled user dll's ...
Registered in 0.057146 seconds.
Begin MonoManager ReloadAssembly
Native extension for WindowsStandalone target not found
Refreshing native plugins compatible for Editor in 0.49 ms, found 2 plugins.
Preloading 0 native plugins for Editor in 0.00 ms.
Invoked RoslynAnalysisRunner static constructor.
RoslynAnalysisRunner will not be running.
RoslynAnalysisRunner has terminated.
Mono: successfully reloaded assembly
- Completed reload, in  1.304 seconds
Platform modules already initialized, skipping
Refreshing native plugins compatible for Editor in 0.49 ms, found 2 plugins.
Preloading 0 native plugins for Editor in 0.00 ms.
Unloading 1807 Unused Serialized files (Serialized files now loaded: 0)
System memory in use before: 88.2 MB.
System memory in use after: 88.2 MB.

Unloading 28 unused Assets to reduce memory usage. Loaded Objects now: 2329.
Total: 2.310000 ms (FindLiveObjects: 0.337300 ms CreateObjectMapping: 0.115900 ms MarkObjects: 1.753100 ms  DeleteObjects: 0.102300 ms)

========================================================================
Received Prepare
Registering precompiled user dll's ...
Registered in 0.043222 seconds.
Begin MonoManager ReloadAssembly
Native extension for WindowsStandalone target not found
Refreshing native plugins compatible for Editor in 0.55 ms, found 2 plugins.
Preloading 0 native plugins for Editor in 0.00 ms.
Invoked RoslynAnalysisRunner static constructor.
RoslynAnalysisRunner will not be running.
RoslynAnalysisRunner has terminated.
Mono: successfully reloaded assembly
- Completed reload, in  1.029 seconds
Platform modules already initialized, skipping
Refreshing native plugins compatible for Editor in 0.50 ms, found 2 plugins.
Preloading 0 native plugins for Editor in 0.00 ms.
Unloading 1807 Unused Serialized files (Serialized files now loaded: 0)
System memory in use before: 88.3 MB.
System memory in use after: 88.3 MB.

Unloading 28 unused Assets to reduce memory usage. Loaded Objects now: 2332.
Total: 1.923200 ms (FindLiveObjects: 0.202500 ms CreateObjectMapping: 0.044700 ms MarkObjects: 1.568700 ms  DeleteObjects: 0.106400 ms)

========================================================================
Received Prepare
Registering precompiled user dll's ...
Registered in 0.019144 seconds.
Begin MonoManager ReloadAssembly
Native extension for WindowsStandalone target not found
Refreshing native plugins compatible for Editor in 0.61 ms, found 2 plugins.
Preloading 0 native plugins for Editor in 0.00 ms.
Invoked RoslynAnalysisRunner static constructor.
RoslynAnalysisRunner will not be running.
RoslynAnalysisRunner has terminated.
Mono: successfully reloaded assembly
- Completed reload, in  1.079 seconds
Platform modules already initialized, skipping
Refreshing native plugins compatible for Editor in 0.52 ms, found 2 plugins.
Preloading 0 native plugins for Editor in 0.00 ms.
Unloading 1807 Unused Serialized files (Serialized files now loaded: 0)
System memory in use before: 88.4 MB.
System memory in use after: 88.4 MB.

Unloading 28 unused Assets to reduce memory usage. Loaded Objects now: 2335.
Total: 2.983400 ms (FindLiveObjects: 0.293300 ms CreateObjectMapping: 0.353100 ms MarkObjects: 2.151900 ms  DeleteObjects: 0.183600 ms)

========================================================================
Received Prepare
Registering precompiled user dll's ...
Registered in 0.011260 seconds.
Begin MonoManager ReloadAssembly
Native extension for WindowsStandalone target not found
Refreshing native plugins compatible for Editor in 0.47 ms, found 2 plugins.
Preloading 0 native plugins for Editor in 0.00 ms.
Invoked RoslynAnalysisRunner static constructor.
RoslynAnalysisRunner will not be running.
RoslynAnalysisRunner has terminated.
Mono: successfully reloaded assembly
- Completed reload, in  0.920 seconds
Platform modules already initialized, skipping
Refreshing native plugins compatible for Editor in 0.47 ms, found 2 plugins.
Preloading 0 native plugins for Editor in 0.00 ms.
Unloading 1807 Unused Serialized files (Serialized files now loaded: 0)
System memory in use before: 88.4 MB.
System memory in use after: 88.4 MB.

Unloading 28 unused Assets to reduce memory usage. Loaded Objects now: 2338.
Total: 1.972100 ms (FindLiveObjects: 0.209700 ms CreateObjectMapping: 0.040500 ms MarkObjects: 1.609600 ms  DeleteObjects: 0.111200 ms)

========================================================================
Received Prepare
Registering precompiled user dll's ...
Registered in 0.012399 seconds.
Begin MonoManager ReloadAssembly
Native extension for WindowsStandalone target not found
Refreshing native plugins compatible for Editor in 1.29 ms, found 2 plugins.
Preloading 0 native plugins for Editor in 0.00 ms.
Invoked RoslynAnalysisRunner static constructor.
RoslynAnalysisRunner will not be running.
RoslynAnalysisRunner has terminated.
Mono: successfully reloaded assembly
- Completed reload, in  1.053 seconds
Platform modules already initialized, skipping
Refreshing native plugins compatible for Editor in 0.76 ms, found 2 plugins.
Preloading 0 native plugins for Editor in 0.00 ms.
Unloading 1807 Unused Serialized files (Serialized files now loaded: 0)
System memory in use before: 88.5 MB.
System memory in use after: 88.5 MB.

Unloading 28 unused Assets to reduce memory usage. Loaded Objects now: 2341.
Total: 2.627200 ms (FindLiveObjects: 0.277800 ms CreateObjectMapping: 0.059900 ms MarkObjects: 2.131200 ms  DeleteObjects: 0.156400 ms)

========================================================================
Received Prepare
Registering precompiled user dll's ...
Registered in 0.060114 seconds.
Begin MonoManager ReloadAssembly
Native extension for WindowsStandalone target not found
Refreshing native plugins compatible for Editor in 0.47 ms, found 2 plugins.
Preloading 0 native plugins for Editor in 0.00 ms.
Invoked RoslynAnalysisRunner static constructor.
RoslynAnalysisRunner will not be running.
RoslynAnalysisRunner has terminated.
Mono: successfully reloaded assembly
- Completed reload, in  0.971 seconds
Platform modules already initialized, skipping
Refreshing native plugins compatible for Editor in 0.47 ms, found 2 plugins.
Preloading 0 native plugins for Editor in 0.00 ms.
Unloading 1807 Unused Serialized files (Serialized files now loaded: 0)
System memory in use before: 88.6 MB.
System memory in use after: 88.6 MB.

Unloading 28 unused Assets to reduce memory usage. Loaded Objects now: 2344.
Total: 1.981100 ms (FindLiveObjects: 0.236100 ms CreateObjectMapping: 0.043600 ms MarkObjects: 1.590600 ms  DeleteObjects: 0.109600 ms)

========================================================================
Received Import Request.
  Time since last request: 340.555800 seconds.
  path: Assets/UI
  artifactKey: Guid(46a2607b127d98d44bf19a0a6128e242) Importer(815301076,1909f56bfc062723c751e8b465ee728b)
Start importing Assets/UI using Guid(46a2607b127d98d44bf19a0a6128e242) Importer(815301076,1909f56bfc062723c751e8b465ee728b)  -> (artifact id: '9f561ac8e83dc7ed9cbd2e9a2efbf093') in 0.014501 seconds
  Import took 0.017464 seconds .

========================================================================
Received Import Request.
  Time since last request: 0.357830 seconds.
  path: Assets/UI/Pad.png
  artifactKey: Guid(4001077b70ddb5a40998b4d17049ee69) Importer(815301076,1909f56bfc062723c751e8b465ee728b)
Start importing Assets/UI/Pad.png using Guid(4001077b70ddb5a40998b4d17049ee69) Importer(815301076,1909f56bfc062723c751e8b465ee728b)  -> (artifact id: 'e9d96f4818e5907ee0a8c210527e2588') in 0.126925 seconds
  Import took 0.130102 seconds .

========================================================================
Received Import Request.
  Time since last request: 0.000269 seconds.
  path: Assets/UI/Platform.png
  artifactKey: Guid(1519e8fc451e5764188161d6169dba38) Importer(815301076,1909f56bfc062723c751e8b465ee728b)
Start importing Assets/UI/Platform.png using Guid(1519e8fc451e5764188161d6169dba38) Importer(815301076,1909f56bfc062723c751e8b465ee728b)  -> (artifact id: '534619250e90673bfc3e3de82f83a9ad') in 0.021154 seconds
  Import took 0.024491 seconds .

========================================================================
Received Import Request.
  Time since last request: 0.000230 seconds.
  path: Assets/UI/Sky.png
  artifactKey: Guid(6f1e47fdad0e86541956b886feea6544) Importer(815301076,1909f56bfc062723c751e8b465ee728b)
Start importing Assets/UI/Sky.png using Guid(6f1e47fdad0e86541956b886feea6544) Importer(815301076,1909f56bfc062723c751e8b465ee728b)  -> (artifact id: '975de42d44a4546ca4661bbdada6c2ee') in 0.030246 seconds
  Import took 0.033435 seconds .

========================================================================
Received Import Request.
  Time since last request: 0.000308 seconds.
  path: Assets/UI/Spikes.png
  artifactKey: Guid(dda83c5222e2eef4c8069b2d06a20aa7) Importer(815301076,1909f56bfc062723c751e8b465ee728b)
Start importing Assets/UI/Spikes.png using Guid(dda83c5222e2eef4c8069b2d06a20aa7) Importer(815301076,1909f56bfc062723c751e8b465ee728b)  -> (artifact id: '18ad5ddc5c1f8f09c848a2bdc3f08bd4') in 0.020040 seconds
  Import took 0.024431 seconds .

========================================================================
Received Import Request.
  Time since last request: 0.000321 seconds.
  path: Assets/UI/UI.png
  artifactKey: Guid(d3687a9c8d2f23245912507277b02d9f) Importer(815301076,1909f56bfc062723c751e8b465ee728b)
Start importing Assets/UI/UI.png using Guid(d3687a9c8d2f23245912507277b02d9f) Importer(815301076,1909f56bfc062723c751e8b465ee728b)  -> (artifact id: 'bd84ec76ecb50098b9d79f5a8f598002') in 0.015069 seconds
  Import took 0.018158 seconds .

========================================================================
Received Import Request.
  Time since last request: 20.071026 seconds.
  path: Assets/UI/Platform.png
  artifactKey: Guid(1519e8fc451e5764188161d6169dba38) Importer(815301076,1909f56bfc062723c751e8b465ee728b)
Start importing Assets/UI/Platform.png using Guid(1519e8fc451e5764188161d6169dba38) Importer(815301076,1909f56bfc062723c751e8b465ee728b)  -> (artifact id: 'afc4d6b538b88bb04449ed60ce1d6957') in 0.016196 seconds
  Import took 0.019160 seconds .

========================================================================
Received Import Request.
  Time since last request: 0.006221 seconds.
  path: Assets/UI/Platform.png
  artifactKey: Guid(1519e8fc451e5764188161d6169dba38) Importer(815301076,1909f56bfc062723c751e8b465ee728b)
Start importing Assets/UI/Platform.png using Guid(1519e8fc451e5764188161d6169dba38) Importer(815301076,1909f56bfc062723c751e8b465ee728b)  -> (artifact id: 'afc4d6b538b88bb04449ed60ce1d6957') in 0.016062 seconds
  Import took 0.019369 seconds .

========================================================================
Received Import Request.
  Time since last request: 183.536910 seconds.
  path: Assets/UI/Platform.png
  artifactKey: Guid(1519e8fc451e5764188161d6169dba38) Importer(815301076,1909f56bfc062723c751e8b465ee728b)
Start importing Assets/UI/Platform.png using Guid(1519e8fc451e5764188161d6169dba38) Importer(815301076,1909f56bfc062723c751e8b465ee728b)  -> (artifact id: '75cdb34c7070915c2195a816ebbb6eb3') in 0.067523 seconds
  Import took 0.073124 seconds .

========================================================================
Received Prepare
Registering precompiled user dll's ...
Registered in 0.028169 seconds.
Begin MonoManager ReloadAssembly
Native extension for WindowsStandalone target not found
Refreshing native plugins compatible for Editor in 0.46 ms, found 2 plugins.
Preloading 0 native plugins for Editor in 0.00 ms.
Invoked RoslynAnalysisRunner static constructor.
RoslynAnalysisRunner will not be running.
RoslynAnalysisRunner has terminated.
Mono: successfully reloaded assembly
- Completed reload, in  0.919 seconds
Platform modules already initialized, skipping
Refreshing native plugins compatible for Editor in 0.47 ms, found 2 plugins.
Preloading 0 native plugins for Editor in 0.00 ms.
Unloading 1807 Unused Serialized files (Serialized files now loaded: 0)
System memory in use before: 91.8 MB.
System memory in use after: 91.8 MB.

Unloading 28 unused Assets to reduce memory usage. Loaded Objects now: 2359.
Total: 2.785100 ms (FindLiveObjects: 0.783600 ms CreateObjectMapping: 0.063600 ms MarkObjects: 1.822100 ms  DeleteObjects: 0.114800 ms)

========================================================================
Received Prepare
Registering precompiled user dll's ...
Registered in 0.092801 seconds.
Begin MonoManager ReloadAssembly
Native extension for WindowsStandalone target not found
Refreshing native plugins compatible for Editor in 0.47 ms, found 2 plugins.
Preloading 0 native plugins for Editor in 0.00 ms.
Invoked RoslynAnalysisRunner static constructor.
RoslynAnalysisRunner will not be running.
RoslynAnalysisRunner has terminated.
Mono: successfully reloaded assembly
- Completed reload, in  0.876 seconds
Platform modules already initialized, skipping
Refreshing native plugins compatible for Editor in 0.53 ms, found 2 plugins.
Preloading 0 native plugins for Editor in 0.00 ms.
Unloading 1807 Unused Serialized files (Serialized files now loaded: 0)
System memory in use before: 91.9 MB.
System memory in use after: 91.9 MB.

Unloading 28 unused Assets to reduce memory usage. Loaded Objects now: 2362.
Total: 2.232300 ms (FindLiveObjects: 0.219000 ms CreateObjectMapping: 0.045300 ms MarkObjects: 1.845100 ms  DeleteObjects: 0.121300 ms)

========================================================================
Received Prepare
Registering precompiled user dll's ...
Registered in 0.011990 seconds.
Begin MonoManager ReloadAssembly
Native extension for WindowsStandalone target not found
Refreshing native plugins compatible for Editor in 0.45 ms, found 2 plugins.
Preloading 0 native plugins for Editor in 0.00 ms.
Invoked RoslynAnalysisRunner static constructor.
RoslynAnalysisRunner will not be running.
RoslynAnalysisRunner has terminated.
Mono: successfully reloaded assembly
- Completed reload, in  0.918 seconds
Platform modules already initialized, skipping
Refreshing native plugins compatible for Editor in 0.57 ms, found 2 plugins.
Preloading 0 native plugins for Editor in 0.00 ms.
Unloading 1807 Unused Serialized files (Serialized files now loaded: 0)
System memory in use before: 92.0 MB.
System memory in use after: 92.0 MB.

Unloading 28 unused Assets to reduce memory usage. Loaded Objects now: 2365.
Total: 2.567600 ms (FindLiveObjects: 0.246600 ms CreateObjectMapping: 0.049900 ms MarkObjects: 2.151700 ms  DeleteObjects: 0.118000 ms)

========================================================================
Received Prepare
Registering precompiled user dll's ...
Registered in 0.050648 seconds.
Begin MonoManager ReloadAssembly
Native extension for WindowsStandalone target not found
Refreshing native plugins compatible for Editor in 0.46 ms, found 2 plugins.
Preloading 0 native plugins for Editor in 0.00 ms.
Invoked RoslynAnalysisRunner static constructor.
RoslynAnalysisRunner will not be running.
RoslynAnalysisRunner has terminated.
Mono: successfully reloaded assembly
- Completed reload, in  0.943 seconds
Platform modules already initialized, skipping
Refreshing native plugins compatible for Editor in 0.50 ms, found 2 plugins.
Preloading 0 native plugins for Editor in 0.00 ms.
Unloading 1807 Unused Serialized files (Serialized files now loaded: 0)
System memory in use before: 92.0 MB.
System memory in use after: 92.0 MB.

Unloading 28 unused Assets to reduce memory usage. Loaded Objects now: 2368.
Total: 1.992500 ms (FindLiveObjects: 0.241500 ms CreateObjectMapping: 0.041200 ms MarkObjects: 1.595900 ms  DeleteObjects: 0.112700 ms)

========================================================================
Received Import Request.
  Time since last request: 499.255311 seconds.
  path: Assets/UI/Platform.png
  artifactKey: Guid(1519e8fc451e5764188161d6169dba38) Importer(815301076,1909f56bfc062723c751e8b465ee728b)
Start importing Assets/UI/Platform.png using Guid(1519e8fc451e5764188161d6169dba38) Importer(815301076,1909f56bfc062723c751e8b465ee728b)  -> (artifact id: 'bab4938db27ad2b897f714594b52ade0') in 0.080407 seconds
  Import took 0.086077 seconds .

========================================================================
Received Import Request.
  Time since last request: 0.131410 seconds.
  path: Assets/UI/Platform.png
  artifactKey: Guid(1519e8fc451e5764188161d6169dba38) Importer(815301076,1909f56bfc062723c751e8b465ee728b)
Start importing Assets/UI/Platform.png using Guid(1519e8fc451e5764188161d6169dba38) Importer(815301076,1909f56bfc062723c751e8b465ee728b)  -> (artifact id: 'bab4938db27ad2b897f714594b52ade0') in 0.028109 seconds
  Import took 0.031820 seconds .

========================================================================
Received Prepare
Registering precompiled user dll's ...
Registered in 0.015347 seconds.
Begin MonoManager ReloadAssembly
Native extension for WindowsStandalone target not found
Refreshing native plugins compatible for Editor in 0.53 ms, found 2 plugins.
Preloading 0 native plugins for Editor in 0.00 ms.
Invoked RoslynAnalysisRunner static constructor.
RoslynAnalysisRunner will not be running.
RoslynAnalysisRunner has terminated.
Mono: successfully reloaded assembly
- Completed reload, in  0.884 seconds
Platform modules already initialized, skipping
Refreshing native plugins compatible for Editor in 0.47 ms, found 2 plugins.
Preloading 0 native plugins for Editor in 0.00 ms.
Unloading 1807 Unused Serialized files (Serialized files now loaded: 0)
System memory in use before: 92.1 MB.
System memory in use after: 92.1 MB.

Unloading 28 unused Assets to reduce memory usage. Loaded Objects now: 2372.
Total: 2.465200 ms (FindLiveObjects: 0.297300 ms CreateObjectMapping: 0.049000 ms MarkObjects: 2.000200 ms  DeleteObjects: 0.117400 ms)

========================================================================
Received Import Request.
  Time since last request: 520.823651 seconds.
  path: Assets/Scenes/Level1.unity
  artifactKey: Guid(837f4523456ed084eb988b280fe56987) Importer(815301076,1909f56bfc062723c751e8b465ee728b)
Start importing Assets/Scenes/Level1.unity using Guid(837f4523456ed084eb988b280fe56987) Importer(815301076,1909f56bfc062723c751e8b465ee728b)  -> (artifact id: 'f9ca08c8b4c97f1f6214cbc9348633cb') in 0.020075 seconds
  Import took 0.023428 seconds .

========================================================================
Received Import Request.
  Time since last request: 5.255376 seconds.
  path: Assets/Scenes/Level2.unity
  artifactKey: Guid(0405d25a068f0e647b3c248139533d61) Importer(815301076,1909f56bfc062723c751e8b465ee728b)
Start importing Assets/Scenes/Level2.unity using Guid(0405d25a068f0e647b3c248139533d61) Importer(815301076,1909f56bfc062723c751e8b465ee728b)  -> (artifact id: '3e249dab20ede6ee48043420e7e78adb') in 0.026201 seconds
  Import took 0.029275 seconds .

========================================================================
Received Import Request.
  Time since last request: 107.233604 seconds.
  path: Assets/UI/Pad.png
  artifactKey: Guid(4001077b70ddb5a40998b4d17049ee69) Importer(815301076,1909f56bfc062723c751e8b465ee728b)
Start importing Assets/UI/Pad.png using Guid(4001077b70ddb5a40998b4d17049ee69) Importer(815301076,1909f56bfc062723c751e8b465ee728b)  -> (artifact id: 'dafb817cf95ed9ba3c42bcd46a4dd61b') in 0.030514 seconds
  Import took 0.034745 seconds .

========================================================================
Received Import Request.
  Time since last request: 0.018067 seconds.
  path: Assets/UI/Pad.png
  artifactKey: Guid(4001077b70ddb5a40998b4d17049ee69) Importer(815301076,1909f56bfc062723c751e8b465ee728b)
Start importing Assets/UI/Pad.png using Guid(4001077b70ddb5a40998b4d17049ee69) Importer(815301076,1909f56bfc062723c751e8b465ee728b)  -> (artifact id: 'dafb817cf95ed9ba3c42bcd46a4dd61b') in 0.013408 seconds
  Import took 0.016943 seconds .

========================================================================
Received Import Request.
  Time since last request: 15.407830 seconds.
  path: Assets/UI/Pad.png
  artifactKey: Guid(4001077b70ddb5a40998b4d17049ee69) Importer(815301076,1909f56bfc062723c751e8b465ee728b)
Start importing Assets/UI/Pad.png using Guid(4001077b70ddb5a40998b4d17049ee69) Importer(815301076,1909f56bfc062723c751e8b465ee728b)  -> (artifact id: 'd0a79656a48f0c9569121d8b6ef740c3') in 0.050220 seconds
  Import took 0.054175 seconds .

========================================================================
Received Import Request.
  Time since last request: 65.667206 seconds.
  path: Assets/Script/Pad.cs
  artifactKey: Guid(46788f42e985fb14bbe1316adbee3cb1) Importer(815301076,1909f56bfc062723c751e8b465ee728b)
Start importing Assets/Script/Pad.cs using Guid(46788f42e985fb14bbe1316adbee3cb1) Importer(815301076,1909f56bfc062723c751e8b465ee728b)  -> (artifact id: '4d0e6e0cff209b302ca658bc7ece892e') in 0.015919 seconds
  Import took 0.033614 seconds .

========================================================================
Received Prepare
Registering precompiled user dll's ...
Registered in 0.012644 seconds.
Begin MonoManager ReloadAssembly
Native extension for WindowsStandalone target not found
Refreshing native plugins compatible for Editor in 0.48 ms, found 2 plugins.
Preloading 0 native plugins for Editor in 0.00 ms.
Invoked RoslynAnalysisRunner static constructor.
RoslynAnalysisRunner will not be running.
RoslynAnalysisRunner has terminated.
Mono: successfully reloaded assembly
- Completed reload, in  1.022 seconds
Platform modules already initialized, skipping
Refreshing native plugins compatible for Editor in 0.48 ms, found 2 plugins.
Preloading 0 native plugins for Editor in 0.00 ms.
Unloading 1808 Unused Serialized files (Serialized files now loaded: 0)
System memory in use before: 92.2 MB.
System memory in use after: 92.2 MB.

Unloading 28 unused Assets to reduce memory usage. Loaded Objects now: 2389.
Total: 4.750600 ms (FindLiveObjects: 0.256800 ms CreateObjectMapping: 0.532000 ms MarkObjects: 3.823400 ms  DeleteObjects: 0.137300 ms)

========================================================================
Received Prepare
Registering precompiled user dll's ...
Registered in 0.116801 seconds.
Begin MonoManager ReloadAssembly
Native extension for WindowsStandalone target not found
Refreshing native plugins compatible for Editor in 0.49 ms, found 2 plugins.
Preloading 0 native plugins for Editor in 0.00 ms.
Invoked RoslynAnalysisRunner static constructor.
RoslynAnalysisRunner will not be running.
RoslynAnalysisRunner has terminated.
Mono: successfully reloaded assembly
- Completed reload, in  1.000 seconds
Platform modules already initialized, skipping
Refreshing native plugins compatible for Editor in 0.48 ms, found 2 plugins.
Preloading 0 native plugins for Editor in 0.00 ms.
Unloading 1808 Unused Serialized files (Serialized files now loaded: 0)
System memory in use before: 92.4 MB.
System memory in use after: 92.3 MB.

Unloading 28 unused Assets to reduce memory usage. Loaded Objects now: 2392.
Total: 4.652900 ms (FindLiveObjects: 0.349500 ms CreateObjectMapping: 0.044900 ms MarkObjects: 4.045500 ms  DeleteObjects: 0.210800 ms)

========================================================================
Received Import Request.
  Time since last request: 260.216632 seconds.
  path: Assets/Script/Pad.cs
  artifactKey: Guid(46788f42e985fb14bbe1316adbee3cb1) Importer(815301076,1909f56bfc062723c751e8b465ee728b)
Start importing Assets/Script/Pad.cs using Guid(46788f42e985fb14bbe1316adbee3cb1) Importer(815301076,1909f56bfc062723c751e8b465ee728b)  -> (artifact id: '69e215ca9f8831499620cc672bf1bbb0') in 0.007128 seconds
  Import took 0.011331 seconds .

========================================================================
Received Prepare
Registering precompiled user dll's ...
Registered in 0.051756 seconds.
Begin MonoManager ReloadAssembly
Native extension for WindowsStandalone target not found
Refreshing native plugins compatible for Editor in 0.49 ms, found 2 plugins.
Preloading 0 native plugins for Editor in 0.00 ms.
Invoked RoslynAnalysisRunner static constructor.
RoslynAnalysisRunner will not be running.
RoslynAnalysisRunner has terminated.
Mono: successfully reloaded assembly
- Completed reload, in  0.917 seconds
Platform modules already initialized, skipping
Refreshing native plugins compatible for Editor in 0.46 ms, found 2 plugins.
Preloading 0 native plugins for Editor in 0.00 ms.
Unloading 1808 Unused Serialized files (Serialized files now loaded: 0)
System memory in use before: 92.4 MB.
System memory in use after: 92.4 MB.

Unloading 28 unused Assets to reduce memory usage. Loaded Objects now: 2395.
Total: 1.842700 ms (FindLiveObjects: 0.213100 ms CreateObjectMapping: 0.044300 ms MarkObjects: 1.480500 ms  DeleteObjects: 0.103800 ms)

========================================================================
Received Import Request.
  Time since last request: 63.722677 seconds.
  path: Assets/Scenes/Level1.unity
  artifactKey: Guid(837f4523456ed084eb988b280fe56987) Importer(815301076,1909f56bfc062723c751e8b465ee728b)
Start importing Assets/Scenes/Level1.unity using Guid(837f4523456ed084eb988b280fe56987) Importer(815301076,1909f56bfc062723c751e8b465ee728b)  -> (artifact id: 'f6a42b04503b86f26f0364a7918880bd') in 0.011897 seconds
  Import took 0.015263 seconds .

========================================================================
Received Import Request.
  Time since last request: 2.413812 seconds.
  path: Assets/Scenes/SampleScene.unity
  artifactKey: Guid(2cda990e2423bbf4892e6590ba056729) Importer(815301076,1909f56bfc062723c751e8b465ee728b)
Start importing Assets/Scenes/SampleScene.unity using Guid(2cda990e2423bbf4892e6590ba056729) Importer(815301076,1909f56bfc062723c751e8b465ee728b)  -> (artifact id: '4278e8395452c2fa5c9361b7801d32d9') in 0.008339 seconds
  Import took 0.011610 seconds .

========================================================================
Received Import Request.
  Time since last request: 27.097966 seconds.
  path: Assets/Scenes/Level2.unity
  artifactKey: Guid(0405d25a068f0e647b3c248139533d61) Importer(815301076,1909f56bfc062723c751e8b465ee728b)
Start importing Assets/Scenes/Level2.unity using Guid(0405d25a068f0e647b3c248139533d61) Importer(815301076,1909f56bfc062723c751e8b465ee728b)  -> (artifact id: 'b5bb6a5971775177cbcfc847780e39e3') in 0.005251 seconds
  Import took 0.008502 seconds .

========================================================================
Received Prepare
Registering precompiled user dll's ...
Registered in 0.094049 seconds.
Begin MonoManager ReloadAssembly
Native extension for WindowsStandalone target not found
Refreshing native plugins compatible for Editor in 0.47 ms, found 2 plugins.
Preloading 0 native plugins for Editor in 0.00 ms.
Invoked RoslynAnalysisRunner static constructor.
RoslynAnalysisRunner will not be running.
RoslynAnalysisRunner has terminated.
Mono: successfully reloaded assembly
- Completed reload, in  0.913 seconds
Platform modules already initialized, skipping
Refreshing native plugins compatible for Editor in 0.46 ms, found 2 plugins.
Preloading 0 native plugins for Editor in 0.00 ms.
Unloading 1808 Unused Serialized files (Serialized files now loaded: 0)
System memory in use before: 92.5 MB.
System memory in use after: 92.5 MB.

Unloading 28 unused Assets to reduce memory usage. Loaded Objects now: 2398.
Total: 2.884300 ms (FindLiveObjects: 0.669500 ms CreateObjectMapping: 0.085800 ms MarkObjects: 2.011600 ms  DeleteObjects: 0.115900 ms)

========================================================================
Received Prepare
Registering precompiled user dll's ...
Registered in 0.011724 seconds.
Begin MonoManager ReloadAssembly
Native extension for WindowsStandalone target not found
Refreshing native plugins compatible for Editor in 0.49 ms, found 2 plugins.
Preloading 0 native plugins for Editor in 0.00 ms.
Invoked RoslynAnalysisRunner static constructor.
RoslynAnalysisRunner will not be running.
RoslynAnalysisRunner has terminated.
Mono: successfully reloaded assembly
- Completed reload, in  1.117 seconds
Platform modules already initialized, skipping
Refreshing native plugins compatible for Editor in 0.47 ms, found 2 plugins.
Preloading 0 native plugins for Editor in 0.00 ms.
Unloading 1808 Unused Serialized files (Serialized files now loaded: 0)
System memory in use before: 92.6 MB.
System memory in use after: 92.6 MB.

Unloading 28 unused Assets to reduce memory usage. Loaded Objects now: 2401.
Total: 3.795600 ms (FindLiveObjects: 0.261300 ms CreateObjectMapping: 0.046700 ms MarkObjects: 3.280200 ms  DeleteObjects: 0.205500 ms)

========================================================================
Received Import Request.
  Time since last request: 225.567667 seconds.
  path: Assets/Scenes/Level1.unity
  artifactKey: Guid(837f4523456ed084eb988b280fe56987) Importer(815301076,1909f56bfc062723c751e8b465ee728b)
Start importing Assets/Scenes/Level1.unity using Guid(837f4523456ed084eb988b280fe56987) Importer(815301076,1909f56bfc062723c751e8b465ee728b)  -> (artifact id: 'fd83d97603ba1fb397f4abc744a2f517') in 0.013409 seconds
  Import took 0.016476 seconds .

========================================================================
Received Prepare
Registering precompiled user dll's ...
Registered in 0.036580 seconds.
Begin MonoManager ReloadAssembly
Native extension for WindowsStandalone target not found
Refreshing native plugins compatible for Editor in 0.48 ms, found 2 plugins.
Preloading 0 native plugins for Editor in 0.00 ms.
Invoked RoslynAnalysisRunner static constructor.
RoslynAnalysisRunner will not be running.
RoslynAnalysisRunner has terminated.
Mono: successfully reloaded assembly
- Completed reload, in  0.927 seconds
Platform modules already initialized, skipping
Refreshing native plugins compatible for Editor in 0.46 ms, found 2 plugins.
Preloading 0 native plugins for Editor in 0.00 ms.
Unloading 1808 Unused Serialized files (Serialized files now loaded: 0)
System memory in use before: 92.7 MB.
System memory in use after: 92.7 MB.

Unloading 28 unused Assets to reduce memory usage. Loaded Objects now: 2404.
Total: 3.535300 ms (FindLiveObjects: 0.331500 ms CreateObjectMapping: 0.049300 ms MarkObjects: 3.027000 ms  DeleteObjects: 0.125800 ms)

========================================================================
Received Import Request.
  Time since last request: 175.077659 seconds.
  path: Assets/Resource
  artifactKey: Guid(5ae7e3259f936064b957f4d000d8f9ba) Importer(815301076,1909f56bfc062723c751e8b465ee728b)
Start importing Assets/Resource using Guid(5ae7e3259f936064b957f4d000d8f9ba) Importer(815301076,1909f56bfc062723c751e8b465ee728b)  -> (artifact id: '2902bfbd60f22ae0aa6ba873b81fa0f2') in 0.027498 seconds
  Import took 0.032127 seconds .

========================================================================
Received Prepare
Registering precompiled user dll's ...
Registered in 0.012404 seconds.
Begin MonoManager ReloadAssembly
Native extension for WindowsStandalone target not found
Refreshing native plugins compatible for Editor in 0.50 ms, found 2 plugins.
Preloading 0 native plugins for Editor in 0.00 ms.
Invoked RoslynAnalysisRunner static constructor.
RoslynAnalysisRunner will not be running.
RoslynAnalysisRunner has terminated.
Mono: successfully reloaded assembly
- Completed reload, in  1.170 seconds
Platform modules already initialized, skipping
Refreshing native plugins compatible for Editor in 0.47 ms, found 2 plugins.
Preloading 0 native plugins for Editor in 0.00 ms.
Unloading 1808 Unused Serialized files (Serialized files now loaded: 0)
System memory in use before: 92.8 MB.
System memory in use after: 92.8 MB.

Unloading 28 unused Assets to reduce memory usage. Loaded Objects now: 2407.
Total: 2.258300 ms (FindLiveObjects: 0.244100 ms CreateObjectMapping: 0.047200 ms MarkObjects: 1.843300 ms  DeleteObjects: 0.121200 ms)

========================================================================
Received Prepare
Registering precompiled user dll's ...
Registered in 0.010194 seconds.
Begin MonoManager ReloadAssembly
Native extension for WindowsStandalone target not found
Refreshing native plugins compatible for Editor in 0.54 ms, found 2 plugins.
Preloading 0 native plugins for Editor in 0.00 ms.
Invoked RoslynAnalysisRunner static constructor.
RoslynAnalysisRunner will not be running.
RoslynAnalysisRunner has terminated.
Mono: successfully reloaded assembly
- Completed reload, in  1.233 seconds
Platform modules already initialized, skipping
Refreshing native plugins compatible for Editor in 0.51 ms, found 2 plugins.
Preloading 0 native plugins for Editor in 0.00 ms.
Unloading 1808 Unused Serialized files (Serialized files now loaded: 0)
System memory in use before: 92.9 MB.
System memory in use after: 92.9 MB.

Unloading 28 unused Assets to reduce memory usage. Loaded Objects now: 2410.
Total: 2.909100 ms (FindLiveObjects: 0.663900 ms CreateObjectMapping: 0.234300 ms MarkObjects: 1.892300 ms  DeleteObjects: 0.115900 ms)

========================================================================
Received Prepare
Registering precompiled user dll's ...
Registered in 0.012018 seconds.
Begin MonoManager ReloadAssembly
Native extension for WindowsStandalone target not found
Refreshing native plugins compatible for Editor in 0.82 ms, found 2 plugins.
Preloading 0 native plugins for Editor in 0.00 ms.
Invoked RoslynAnalysisRunner static constructor.
RoslynAnalysisRunner will not be running.
RoslynAnalysisRunner has terminated.
Mono: successfully reloaded assembly
- Completed reload, in  0.990 seconds
Platform modules already initialized, skipping
Refreshing native plugins compatible for Editor in 0.53 ms, found 2 plugins.
Preloading 0 native plugins for Editor in 0.00 ms.
Unloading 1808 Unused Serialized files (Serialized files now loaded: 0)
System memory in use before: 93.0 MB.
System memory in use after: 93.0 MB.

Unloading 28 unused Assets to reduce memory usage. Loaded Objects now: 2413.
Total: 5.254500 ms (FindLiveObjects: 0.751800 ms CreateObjectMapping: 0.124900 ms MarkObjects: 4.242800 ms  DeleteObjects: 0.132600 ms)

========================================================================
Received Prepare
Registering precompiled user dll's ...
Registered in 0.010146 seconds.
Begin MonoManager ReloadAssembly
Native extension for WindowsStandalone target not found
Refreshing native plugins compatible for Editor in 0.47 ms, found 2 plugins.
Preloading 0 native plugins for Editor in 0.00 ms.
Invoked RoslynAnalysisRunner static constructor.
RoslynAnalysisRunner will not be running.
RoslynAnalysisRunner has terminated.
Mono: successfully reloaded assembly
- Completed reload, in  0.895 seconds
Platform modules already initialized, skipping
Refreshing native plugins compatible for Editor in 0.56 ms, found 2 plugins.
Preloading 0 native plugins for Editor in 0.00 ms.
Unloading 1808 Unused Serialized files (Serialized files now loaded: 0)
System memory in use before: 93.0 MB.
System memory in use after: 93.0 MB.

Unloading 28 unused Assets to reduce memory usage. Loaded Objects now: 2416.
Total: 3.466600 ms (FindLiveObjects: 0.307200 ms CreateObjectMapping: 0.048300 ms MarkObjects: 2.982400 ms  DeleteObjects: 0.127200 ms)

========================================================================
Received Prepare
Registering precompiled user dll's ...
Registered in 0.066126 seconds.
Begin MonoManager ReloadAssembly
Native extension for WindowsStandalone target not found
Refreshing native plugins compatible for Editor in 0.89 ms, found 2 plugins.
Preloading 0 native plugins for Editor in 0.00 ms.
Invoked RoslynAnalysisRunner static constructor.
RoslynAnalysisRunner will not be running.
RoslynAnalysisRunner has terminated.
Mono: successfully reloaded assembly
- Completed reload, in  0.944 seconds
Platform modules already initialized, skipping
Refreshing native plugins compatible for Editor in 0.50 ms, found 2 plugins.
Preloading 0 native plugins for Editor in 0.00 ms.
Unloading 1808 Unused Serialized files (Serialized files now loaded: 0)
System memory in use before: 93.1 MB.
System memory in use after: 93.1 MB.

Unloading 28 unused Assets to reduce memory usage. Loaded Objects now: 2419.
Total: 2.013000 ms (FindLiveObjects: 0.340900 ms CreateObjectMapping: 0.048300 ms MarkObjects: 1.507400 ms  DeleteObjects: 0.114800 ms)

========================================================================
Received Import Request.
  Time since last request: 638.727358 seconds.
  path: Assets/Resources
  artifactKey: Guid(5ae7e3259f936064b957f4d000d8f9ba) Importer(815301076,1909f56bfc062723c751e8b465ee728b)
Start importing Assets/Resources using Guid(5ae7e3259f936064b957f4d000d8f9ba) Importer(815301076,1909f56bfc062723c751e8b465ee728b)  -> (artifact id: 'beaf5f4a3e48cc9b1edd5d68c30eeedd') in 0.106390 seconds
  Import took 0.114245 seconds .

========================================================================
Received Prepare
Registering precompiled user dll's ...
Registered in 0.010916 seconds.
Begin MonoManager ReloadAssembly
Native extension for WindowsStandalone target not found
Refreshing native plugins compatible for Editor in 1.22 ms, found 2 plugins.
Preloading 0 native plugins for Editor in 0.00 ms.
Invoked RoslynAnalysisRunner static constructor.
RoslynAnalysisRunner will not be running.
RoslynAnalysisRunner has terminated.
Mono: successfully reloaded assembly
- Completed reload, in  0.921 seconds
Platform modules already initialized, skipping
Refreshing native plugins compatible for Editor in 0.47 ms, found 2 plugins.
Preloading 0 native plugins for Editor in 0.00 ms.
Unloading 1808 Unused Serialized files (Serialized files now loaded: 0)
System memory in use before: 93.2 MB.
System memory in use after: 93.2 MB.

Unloading 28 unused Assets to reduce memory usage. Loaded Objects now: 2422.
Total: 2.256300 ms (FindLiveObjects: 0.334700 ms CreateObjectMapping: 0.214700 ms MarkObjects: 1.573200 ms  DeleteObjects: 0.123500 ms)

========================================================================
Received Import Request.
  Time since last request: 879.056825 seconds.
  path: Assets/Script/DataManager.cs
  artifactKey: Guid(1f0f1aeef57aa6944be81d2e1bc0188f) Importer(815301076,1909f56bfc062723c751e8b465ee728b)
Start importing Assets/Script/DataManager.cs using Guid(1f0f1aeef57aa6944be81d2e1bc0188f) Importer(815301076,1909f56bfc062723c751e8b465ee728b)  -> (artifact id: 'a43d05892c81a1595728e3437ae9a240') in 0.012276 seconds
  Import took 0.015961 seconds .

========================================================================
Received Prepare
Registering precompiled user dll's ...
Registered in 0.009846 seconds.
Begin MonoManager ReloadAssembly
Native extension for WindowsStandalone target not found
Refreshing native plugins compatible for Editor in 0.47 ms, found 2 plugins.
Preloading 0 native plugins for Editor in 0.00 ms.
Invoked RoslynAnalysisRunner static constructor.
RoslynAnalysisRunner will not be running.
RoslynAnalysisRunner has terminated.
Mono: successfully reloaded assembly
- Completed reload, in  1.062 seconds
Platform modules already initialized, skipping
Refreshing native plugins compatible for Editor in 0.52 ms, found 2 plugins.
Preloading 0 native plugins for Editor in 0.00 ms.
Unloading 1809 Unused Serialized files (Serialized files now loaded: 0)
System memory in use before: 93.3 MB.
System memory in use after: 93.3 MB.

Unloading 28 unused Assets to reduce memory usage. Loaded Objects now: 2426.
Total: 2.106900 ms (FindLiveObjects: 0.273400 ms CreateObjectMapping: 0.043400 ms MarkObjects: 1.672900 ms  DeleteObjects: 0.116300 ms)

========================================================================
Received Import Request.
  Time since last request: 443.511869 seconds.
  path: Assets/UI/UI.png
  artifactKey: Guid(d3687a9c8d2f23245912507277b02d9f) Importer(815301076,1909f56bfc062723c751e8b465ee728b)
Start importing Assets/UI/UI.png using Guid(d3687a9c8d2f23245912507277b02d9f) Importer(815301076,1909f56bfc062723c751e8b465ee728b)  -> (artifact id: '7b18d5c207744c5747352a1e78c141df') in 0.039985 seconds
  Import took 0.043347 seconds .

========================================================================
Received Import Request.
  Time since last request: 0.002365 seconds.
  path: Assets/UI/UI.png
  artifactKey: Guid(d3687a9c8d2f23245912507277b02d9f) Importer(815301076,1909f56bfc062723c751e8b465ee728b)
Start importing Assets/UI/UI.png using Guid(d3687a9c8d2f23245912507277b02d9f) Importer(815301076,1909f56bfc062723c751e8b465ee728b)  -> (artifact id: '7b18d5c207744c5747352a1e78c141df') in 0.012793 seconds
  Import took 0.015740 seconds .

========================================================================
Received Import Request.
  Time since last request: 21.806817 seconds.
  path: Assets/UI/UI.png
  artifactKey: Guid(d3687a9c8d2f23245912507277b02d9f) Importer(815301076,1909f56bfc062723c751e8b465ee728b)
Start importing Assets/UI/UI.png using Guid(d3687a9c8d2f23245912507277b02d9f) Importer(815301076,1909f56bfc062723c751e8b465ee728b)  -> (artifact id: '3964aba7586e804ad01a94ae20f3278d') in 0.051011 seconds
  Import took 0.053890 seconds .

========================================================================
Received Import Request.
  Time since last request: 202.337601 seconds.
  path: Assets/Script/UIManager.cs
  artifactKey: Guid(386a32fbcf723324981d1146d1a5097a) Importer(815301076,1909f56bfc062723c751e8b465ee728b)
Start importing Assets/Script/UIManager.cs using Guid(386a32fbcf723324981d1146d1a5097a) Importer(815301076,1909f56bfc062723c751e8b465ee728b)  -> (artifact id: '20b35b6f023eb89a6cd9528261aaaada') in 0.010314 seconds
  Import took 0.014676 seconds .

========================================================================
Received Prepare
Registering precompiled user dll's ...
Registered in 0.153806 seconds.
Begin MonoManager ReloadAssembly
Native extension for WindowsStandalone target not found
Refreshing native plugins compatible for Editor in 0.47 ms, found 2 plugins.
Preloading 0 native plugins for Editor in 0.00 ms.
Invoked RoslynAnalysisRunner static constructor.
RoslynAnalysisRunner will not be running.
RoslynAnalysisRunner has terminated.
Mono: successfully reloaded assembly
- Completed reload, in  0.999 seconds
Platform modules already initialized, skipping
Refreshing native plugins compatible for Editor in 1.10 ms, found 2 plugins.
Preloading 0 native plugins for Editor in 0.00 ms.
Unloading 1810 Unused Serialized files (Serialized files now loaded: 0)
System memory in use before: 93.4 MB.
System memory in use after: 93.4 MB.

Unloading 28 unused Assets to reduce memory usage. Loaded Objects now: 2431.
Total: 6.293600 ms (FindLiveObjects: 0.427500 ms CreateObjectMapping: 0.326000 ms MarkObjects: 4.759800 ms  DeleteObjects: 0.777400 ms)

========================================================================
Received Import Request.
  Time since last request: 147.928434 seconds.
  path: Assets/Script/UIManager.cs
  artifactKey: Guid(386a32fbcf723324981d1146d1a5097a) Importer(815301076,1909f56bfc062723c751e8b465ee728b)
Start importing Assets/Script/UIManager.cs using Guid(386a32fbcf723324981d1146d1a5097a) Importer(815301076,1909f56bfc062723c751e8b465ee728b)  -> (artifact id: 'd86a57b2ec173681ccf174c601bac49e') in 0.012420 seconds
  Import took 0.017434 seconds .

========================================================================
Received Prepare
Registering precompiled user dll's ...
Registered in 0.010603 seconds.
Begin MonoManager ReloadAssembly
Native extension for WindowsStandalone target not found
Refreshing native plugins compatible for Editor in 0.57 ms, found 2 plugins.
Preloading 0 native plugins for Editor in 0.00 ms.
Invoked RoslynAnalysisRunner static constructor.
RoslynAnalysisRunner will not be running.
RoslynAnalysisRunner has terminated.
Mono: successfully reloaded assembly
- Completed reload, in  1.062 seconds
Platform modules already initialized, skipping
Refreshing native plugins compatible for Editor in 0.50 ms, found 2 plugins.
Preloading 0 native plugins for Editor in 0.00 ms.
Unloading 1810 Unused Serialized files (Serialized files now loaded: 0)
System memory in use before: 92.5 MB.
System memory in use after: 92.5 MB.

Unloading 28 unused Assets to reduce memory usage. Loaded Objects now: 2434.
Total: 2.636500 ms (FindLiveObjects: 0.339000 ms CreateObjectMapping: 0.044800 ms MarkObjects: 2.122100 ms  DeleteObjects: 0.128100 ms)

========================================================================
Received Prepare
Registering precompiled user dll's ...
Registered in 0.055708 seconds.
Begin MonoManager ReloadAssembly
Native extension for WindowsStandalone target not found
Refreshing native plugins compatible for Editor in 0.46 ms, found 2 plugins.
Preloading 0 native plugins for Editor in 0.00 ms.
Invoked RoslynAnalysisRunner static constructor.
RoslynAnalysisRunner will not be running.
RoslynAnalysisRunner has terminated.
Mono: successfully reloaded assembly
- Completed reload, in  0.886 seconds
Platform modules already initialized, skipping
Refreshing native plugins compatible for Editor in 0.48 ms, found 2 plugins.
Preloading 0 native plugins for Editor in 0.00 ms.
Unloading 1810 Unused Serialized files (Serialized files now loaded: 0)
System memory in use before: 92.6 MB.
System memory in use after: 92.6 MB.

Unloading 28 unused Assets to reduce memory usage. Loaded Objects now: 2437.
Total: 1.959200 ms (FindLiveObjects: 0.253600 ms CreateObjectMapping: 0.044800 ms MarkObjects: 1.537100 ms  DeleteObjects: 0.122400 ms)

========================================================================
Received Prepare
Registering precompiled user dll's ...
Registered in 0.067612 seconds.
Begin MonoManager ReloadAssembly
Native extension for WindowsStandalone target not found
Refreshing native plugins compatible for Editor in 0.46 ms, found 2 plugins.
Preloading 0 native plugins for Editor in 0.00 ms.
Invoked RoslynAnalysisRunner static constructor.
RoslynAnalysisRunner will not be running.
RoslynAnalysisRunner has terminated.
Mono: successfully reloaded assembly
- Completed reload, in  0.940 seconds
Platform modules already initialized, skipping
Refreshing native plugins compatible for Editor in 0.46 ms, found 2 plugins.
Preloading 0 native plugins for Editor in 0.00 ms.
Unloading 1810 Unused Serialized files (Serialized files now loaded: 0)
System memory in use before: 92.7 MB.
System memory in use after: 92.7 MB.

Unloading 28 unused Assets to reduce memory usage. Loaded Objects now: 2440.
Total: 1.974000 ms (FindLiveObjects: 0.284600 ms CreateObjectMapping: 0.049800 ms MarkObjects: 1.524500 ms  DeleteObjects: 0.110800 ms)

========================================================================
Received Prepare
Registering precompiled user dll's ...
Registered in 0.009600 seconds.
Begin MonoManager ReloadAssembly
Native extension for WindowsStandalone target not found
Refreshing native plugins compatible for Editor in 0.49 ms, found 2 plugins.
Preloading 0 native plugins for Editor in 0.00 ms.
Invoked RoslynAnalysisRunner static constructor.
RoslynAnalysisRunner will not be running.
RoslynAnalysisRunner has terminated.
Mono: successfully reloaded assembly
- Completed reload, in  0.962 seconds
Platform modules already initialized, skipping
Refreshing native plugins compatible for Editor in 1.02 ms, found 2 plugins.
Preloading 0 native plugins for Editor in 0.00 ms.
Unloading 1810 Unused Serialized files (Serialized files now loaded: 0)
System memory in use before: 92.8 MB.
System memory in use after: 92.8 MB.

Unloading 28 unused Assets to reduce memory usage. Loaded Objects now: 2443.
Total: 13.788300 ms (FindLiveObjects: 3.768100 ms CreateObjectMapping: 0.166900 ms MarkObjects: 9.728800 ms  DeleteObjects: 0.122600 ms)

========================================================================
Received Prepare
Registering precompiled user dll's ...
Registered in 0.011541 seconds.
Begin MonoManager ReloadAssembly
Native extension for WindowsStandalone target not found
Refreshing native plugins compatible for Editor in 0.51 ms, found 2 plugins.
Preloading 0 native plugins for Editor in 0.00 ms.
Invoked RoslynAnalysisRunner static constructor.
RoslynAnalysisRunner will not be running.
RoslynAnalysisRunner has terminated.
Mono: successfully reloaded assembly
- Completed reload, in  1.087 seconds
Platform modules already initialized, skipping
Refreshing native plugins compatible for Editor in 0.51 ms, found 2 plugins.
Preloading 0 native plugins for Editor in 0.00 ms.
Unloading 1810 Unused Serialized files (Serialized files now loaded: 0)
System memory in use before: 92.8 MB.
System memory in use after: 92.8 MB.

Unloading 28 unused Assets to reduce memory usage. Loaded Objects now: 2446.
Total: 1.986600 ms (FindLiveObjects: 0.231000 ms CreateObjectMapping: 0.046100 ms MarkObjects: 1.594400 ms  DeleteObjects: 0.114000 ms)

========================================================================
Received Prepare
Registering precompiled user dll's ...
Registered in 0.011361 seconds.
Begin MonoManager ReloadAssembly
Native extension for WindowsStandalone target not found
Refreshing native plugins compatible for Editor in 0.47 ms, found 2 plugins.
Preloading 0 native plugins for Editor in 0.00 ms.
Invoked RoslynAnalysisRunner static constructor.
RoslynAnalysisRunner will not be running.
RoslynAnalysisRunner has terminated.
Mono: successfully reloaded assembly
- Completed reload, in  0.901 seconds
Platform modules already initialized, skipping
Refreshing native plugins compatible for Editor in 0.47 ms, found 2 plugins.
Preloading 0 native plugins for Editor in 0.00 ms.
Unloading 1810 Unused Serialized files (Serialized files now loaded: 0)
System memory in use before: 92.9 MB.
System memory in use after: 92.9 MB.

Unloading 28 unused Assets to reduce memory usage. Loaded Objects now: 2449.
Total: 2.574700 ms (FindLiveObjects: 0.409500 ms CreateObjectMapping: 0.057100 ms MarkObjects: 1.974400 ms  DeleteObjects: 0.132100 ms)

========================================================================
Received Prepare
Registering precompiled user dll's ...
Registered in 0.011099 seconds.
Begin MonoManager ReloadAssembly
Native extension for WindowsStandalone target not found
Refreshing native plugins compatible for Editor in 0.50 ms, found 2 plugins.
Preloading 0 native plugins for Editor in 0.00 ms.
Invoked RoslynAnalysisRunner static constructor.
RoslynAnalysisRunner will not be running.
RoslynAnalysisRunner has terminated.
Mono: successfully reloaded assembly
- Completed reload, in  0.991 seconds
Platform modules already initialized, skipping
Refreshing native plugins compatible for Editor in 0.48 ms, found 2 plugins.
Preloading 0 native plugins for Editor in 0.00 ms.
Unloading 1810 Unused Serialized files (Serialized files now loaded: 0)
System memory in use before: 93.0 MB.
System memory in use after: 93.0 MB.

Unloading 28 unused Assets to reduce memory usage. Loaded Objects now: 2452.
Total: 2.059600 ms (FindLiveObjects: 0.294600 ms CreateObjectMapping: 0.045900 ms MarkObjects: 1.601400 ms  DeleteObjects: 0.116000 ms)

========================================================================
Received Prepare
Registering precompiled user dll's ...
Registered in 0.045324 seconds.
Begin MonoManager ReloadAssembly
Native extension for WindowsStandalone target not found
Refreshing native plugins compatible for Editor in 0.46 ms, found 2 plugins.
Preloading 0 native plugins for Editor in 0.00 ms.
Invoked RoslynAnalysisRunner static constructor.
RoslynAnalysisRunner will not be running.
RoslynAnalysisRunner has terminated.
Mono: successfully reloaded assembly
- Completed reload, in  0.906 seconds
Platform modules already initialized, skipping
Refreshing native plugins compatible for Editor in 0.48 ms, found 2 plugins.
Preloading 0 native plugins for Editor in 0.00 ms.
Unloading 1810 Unused Serialized files (Serialized files now loaded: 0)
System memory in use before: 93.1 MB.
System memory in use after: 93.1 MB.

Unloading 28 unused Assets to reduce memory usage. Loaded Objects now: 2455.
Total: 1.905700 ms (FindLiveObjects: 0.252900 ms CreateObjectMapping: 0.048000 ms MarkObjects: 1.494500 ms  DeleteObjects: 0.109500 ms)

========================================================================
Received Import Request.
  Time since last request: 560.635196 seconds.
  path: Assets/Script/Enemy.cs
  artifactKey: Guid(acf1733958e7e9b4fae7c4eb0e7ee0d3) Importer(815301076,1909f56bfc062723c751e8b465ee728b)
Start importing Assets/Script/Enemy.cs using Guid(acf1733958e7e9b4fae7c4eb0e7ee0d3) Importer(815301076,1909f56bfc062723c751e8b465ee728b)  -> (artifact id: '2b08a10c52ce3a3fd4d4c08b88771e2e') in 0.010516 seconds
  Import took 0.014454 seconds .

========================================================================
Received Import Request.
  Time since last request: 0.015704 seconds.
  path: Assets/Script/Enemy.cs
  artifactKey: Guid(acf1733958e7e9b4fae7c4eb0e7ee0d3) Importer(815301076,1909f56bfc062723c751e8b465ee728b)
Start importing Assets/Script/Enemy.cs using Guid(acf1733958e7e9b4fae7c4eb0e7ee0d3) Importer(815301076,1909f56bfc062723c751e8b465ee728b)  -> (artifact id: '2b08a10c52ce3a3fd4d4c08b88771e2e') in 0.003584 seconds
  Import took 0.006921 seconds .

========================================================================
Received Prepare
Registering precompiled user dll's ...
Registered in 0.009976 seconds.
Begin MonoManager ReloadAssembly
Native extension for WindowsStandalone target not found
Refreshing native plugins compatible for Editor in 0.49 ms, found 2 plugins.
Preloading 0 native plugins for Editor in 0.00 ms.
Invoked RoslynAnalysisRunner static constructor.
RoslynAnalysisRunner will not be running.
RoslynAnalysisRunner has terminated.
Mono: successfully reloaded assembly
- Completed reload, in  0.938 seconds
Platform modules already initialized, skipping
Refreshing native plugins compatible for Editor in 0.48 ms, found 2 plugins.
Preloading 0 native plugins for Editor in 0.00 ms.
Unloading 1810 Unused Serialized files (Serialized files now loaded: 0)
System memory in use before: 93.2 MB.
System memory in use after: 93.2 MB.

Unloading 28 unused Assets to reduce memory usage. Loaded Objects now: 2458.
Total: 2.514000 ms (FindLiveObjects: 0.309200 ms CreateObjectMapping: 0.048200 ms MarkObjects: 2.041200 ms  DeleteObjects: 0.114100 ms)

========================================================================
Received Import Request.
  Time since last request: 80.322099 seconds.
  path: Assets/Scenes/Level2.unity
  artifactKey: Guid(0405d25a068f0e647b3c248139533d61) Importer(815301076,1909f56bfc062723c751e8b465ee728b)
Start importing Assets/Scenes/Level2.unity using Guid(0405d25a068f0e647b3c248139533d61) Importer(815301076,1909f56bfc062723c751e8b465ee728b)  -> (artifact id: 'ee1e8b01ed6797b4ce683445c4313de0') in 0.015463 seconds
  Import took 0.019460 seconds .

========================================================================
Received Import Request.
  Time since last request: 1.146593 seconds.
  path: Assets/Scenes/Level1.unity
  artifactKey: Guid(837f4523456ed084eb988b280fe56987) Importer(815301076,1909f56bfc062723c751e8b465ee728b)
Start importing Assets/Scenes/Level1.unity using Guid(837f4523456ed084eb988b280fe56987) Importer(815301076,1909f56bfc062723c751e8b465ee728b)  -> (artifact id: '0ce5f14beb78e0c804e884b97e577eff') in 0.007868 seconds
  Import took 0.010753 seconds .

========================================================================
Received Import Request.
  Time since last request: 9.927401 seconds.
  path: Assets/Scenes/Level2.unity
  artifactKey: Guid(0405d25a068f0e647b3c248139533d61) Importer(815301076,1909f56bfc062723c751e8b465ee728b)
Start importing Assets/Scenes/Level2.unity using Guid(0405d25a068f0e647b3c248139533d61) Importer(815301076,1909f56bfc062723c751e8b465ee728b)  -> (artifact id: '8dfa380a5ab6c10e8e2845132957dfc7') in 0.004742 seconds
  Import took 0.009720 seconds .

========================================================================
Received Prepare
Registering precompiled user dll's ...
Registered in 0.012538 seconds.
Begin MonoManager ReloadAssembly
Native extension for WindowsStandalone target not found
Refreshing native plugins compatible for Editor in 0.47 ms, found 2 plugins.
Preloading 0 native plugins for Editor in 0.00 ms.
Invoked RoslynAnalysisRunner static constructor.
RoslynAnalysisRunner will not be running.
RoslynAnalysisRunner has terminated.
Mono: successfully reloaded assembly
- Completed reload, in  0.918 seconds
Platform modules already initialized, skipping
Refreshing native plugins compatible for Editor in 0.46 ms, found 2 plugins.
Preloading 0 native plugins for Editor in 0.00 ms.
Unloading 1810 Unused Serialized files (Serialized files now loaded: 0)
System memory in use before: 93.3 MB.
System memory in use after: 93.3 MB.

Unloading 28 unused Assets to reduce memory usage. Loaded Objects now: 2461.
Total: 2.086400 ms (FindLiveObjects: 0.261900 ms CreateObjectMapping: 0.050100 ms MarkObjects: 1.661800 ms  DeleteObjects: 0.111600 ms)

========================================================================
Received Prepare
Registering precompiled user dll's ...
Registered in 0.012575 seconds.
Begin MonoManager ReloadAssembly
Native extension for WindowsStandalone target not found
Refreshing native plugins compatible for Editor in 0.48 ms, found 2 plugins.
Preloading 0 native plugins for Editor in 0.00 ms.
Invoked RoslynAnalysisRunner static constructor.
RoslynAnalysisRunner will not be running.
RoslynAnalysisRunner has terminated.
Mono: successfully reloaded assembly
- Completed reload, in  0.933 seconds
Platform modules already initialized, skipping
Refreshing native plugins compatible for Editor in 0.51 ms, found 2 plugins.
Preloading 0 native plugins for Editor in 0.00 ms.
Unloading 1810 Unused Serialized files (Serialized files now loaded: 0)
System memory in use before: 93.4 MB.
System memory in use after: 93.4 MB.

Unloading 28 unused Assets to reduce memory usage. Loaded Objects now: 2464.
Total: 2.139900 ms (FindLiveObjects: 0.315200 ms CreateObjectMapping: 0.053200 ms MarkObjects: 1.641000 ms  DeleteObjects: 0.128900 ms)

========================================================================
Received Prepare
Registering precompiled user dll's ...
Registered in 0.011087 seconds.
Begin MonoManager ReloadAssembly
Native extension for WindowsStandalone target not found
Refreshing native plugins compatible for Editor in 0.47 ms, found 2 plugins.
Preloading 0 native plugins for Editor in 0.00 ms.
Invoked RoslynAnalysisRunner static constructor.
RoslynAnalysisRunner will not be running.
RoslynAnalysisRunner has terminated.
Mono: successfully reloaded assembly
- Completed reload, in  0.910 seconds
Platform modules already initialized, skipping
Refreshing native plugins compatible for Editor in 0.49 ms, found 2 plugins.
Preloading 0 native plugins for Editor in 0.00 ms.
Unloading 1810 Unused Serialized files (Serialized files now loaded: 0)
System memory in use before: 93.4 MB.
System memory in use after: 93.4 MB.

Unloading 28 unused Assets to reduce memory usage. Loaded Objects now: 2467.
Total: 2.091300 ms (FindLiveObjects: 0.339600 ms CreateObjectMapping: 0.057500 ms MarkObjects: 1.581300 ms  DeleteObjects: 0.111500 ms)

========================================================================
Received Prepare
Registering precompiled user dll's ...
Registered in 0.012657 seconds.
Begin MonoManager ReloadAssembly
Native extension for WindowsStandalone target not found
Refreshing native plugins compatible for Editor in 0.50 ms, found 2 plugins.
Preloading 0 native plugins for Editor in 0.00 ms.
Invoked RoslynAnalysisRunner static constructor.
RoslynAnalysisRunner will not be running.
RoslynAnalysisRunner has terminated.
Mono: successfully reloaded assembly
- Completed reload, in  1.043 seconds
Platform modules already initialized, skipping
Refreshing native plugins compatible for Editor in 0.57 ms, found 2 plugins.
Preloading 0 native plugins for Editor in 0.00 ms.
Unloading 1810 Unused Serialized files (Serialized files now loaded: 0)
System memory in use before: 93.5 MB.
System memory in use after: 93.5 MB.

Unloading 28 unused Assets to reduce memory usage. Loaded Objects now: 2470.
Total: 6.432600 ms (FindLiveObjects: 1.130500 ms CreateObjectMapping: 0.187300 ms MarkObjects: 4.988600 ms  DeleteObjects: 0.123700 ms)

========================================================================
Received Prepare
Registering precompiled user dll's ...
Registered in 0.067384 seconds.
Begin MonoManager ReloadAssembly
Native extension for WindowsStandalone target not found
Refreshing native plugins compatible for Editor in 0.51 ms, found 2 plugins.
Preloading 0 native plugins for Editor in 0.00 ms.
Invoked RoslynAnalysisRunner static constructor.
RoslynAnalysisRunner will not be running.
RoslynAnalysisRunner has terminated.
Mono: successfully reloaded assembly
- Completed reload, in  0.949 seconds
Platform modules already initialized, skipping
Refreshing native plugins compatible for Editor in 0.49 ms, found 2 plugins.
Preloading 0 native plugins for Editor in 0.00 ms.
Unloading 1810 Unused Serialized files (Serialized files now loaded: 0)
System memory in use before: 92.6 MB.
System memory in use after: 92.6 MB.

Unloading 28 unused Assets to reduce memory usage. Loaded Objects now: 2473.
Total: 2.110000 ms (FindLiveObjects: 0.368800 ms CreateObjectMapping: 0.090600 ms MarkObjects: 1.537700 ms  DeleteObjects: 0.112000 ms)

========================================================================
Received Import Request.
  Time since last request: 241.141019 seconds.
  path: Assets/Script/SaveDate.cs
  artifactKey: Guid(98398a8b2b3a1e54bbf62b77805a36c5) Importer(815301076,1909f56bfc062723c751e8b465ee728b)
Start importing Assets/Script/SaveDate.cs using Guid(98398a8b2b3a1e54bbf62b77805a36c5) Importer(815301076,1909f56bfc062723c751e8b465ee728b)  -> (artifact id: 'cea3ce2aba40fbea9fc30a88d0602f49') in 0.011197 seconds
  Import took 0.014582 seconds .

========================================================================
Received Import Request.
  Time since last request: 0.000372 seconds.
  path: Assets/Script/SaveDate.cs
  artifactKey: Guid(98398a8b2b3a1e54bbf62b77805a36c5) Importer(815301076,1909f56bfc062723c751e8b465ee728b)
Start importing Assets/Script/SaveDate.cs using Guid(98398a8b2b3a1e54bbf62b77805a36c5) Importer(815301076,1909f56bfc062723c751e8b465ee728b)  -> (artifact id: 'cea3ce2aba40fbea9fc30a88d0602f49') in 0.003976 seconds
  Import took 0.006828 seconds .

========================================================================
Received Prepare
Registering precompiled user dll's ...
Registered in 0.010925 seconds.
Begin MonoManager ReloadAssembly
Native extension for WindowsStandalone target not found
Refreshing native plugins compatible for Editor in 0.46 ms, found 2 plugins.
Preloading 0 native plugins for Editor in 0.00 ms.
Invoked RoslynAnalysisRunner static constructor.
RoslynAnalysisRunner will not be running.
RoslynAnalysisRunner has terminated.
Mono: successfully reloaded assembly
- Completed reload, in  1.039 seconds
Platform modules already initialized, skipping
Refreshing native plugins compatible for Editor in 0.47 ms, found 2 plugins.
Preloading 0 native plugins for Editor in 0.00 ms.
Unloading 1811 Unused Serialized files (Serialized files now loaded: 0)
System memory in use before: 92.7 MB.
System memory in use after: 92.7 MB.

Unloading 28 unused Assets to reduce memory usage. Loaded Objects now: 2477.
Total: 1.930200 ms (FindLiveObjects: 0.285000 ms CreateObjectMapping: 0.046200 ms MarkObjects: 1.492700 ms  DeleteObjects: 0.105200 ms)

========================================================================
Received Prepare
Registering precompiled user dll's ...
Registered in 0.009849 seconds.
Begin MonoManager ReloadAssembly
Native extension for WindowsStandalone target not found
Refreshing native plugins compatible for Editor in 0.50 ms, found 2 plugins.
Preloading 0 native plugins for Editor in 0.00 ms.
Invoked RoslynAnalysisRunner static constructor.
RoslynAnalysisRunner will not be running.
RoslynAnalysisRunner has terminated.
Mono: successfully reloaded assembly
- Completed reload, in  1.146 seconds
Platform modules already initialized, skipping
Refreshing native plugins compatible for Editor in 0.59 ms, found 2 plugins.
Preloading 0 native plugins for Editor in 0.00 ms.
Unloading 1811 Unused Serialized files (Serialized files now loaded: 0)
System memory in use before: 92.8 MB.
System memory in use after: 92.8 MB.

Unloading 28 unused Assets to reduce memory usage. Loaded Objects now: 2480.
Total: 2.966700 ms (FindLiveObjects: 0.369700 ms CreateObjectMapping: 0.158200 ms MarkObjects: 2.168600 ms  DeleteObjects: 0.267900 ms)

========================================================================
Received Import Request.
  Time since last request: 14.067177 seconds.
  path: Assets/Script/SaveDate.cs
  artifactKey: Guid(98398a8b2b3a1e54bbf62b77805a36c5) Importer(815301076,1909f56bfc062723c751e8b465ee728b)
Start importing Assets/Script/SaveDate.cs using Guid(98398a8b2b3a1e54bbf62b77805a36c5) Importer(815301076,1909f56bfc062723c751e8b465ee728b)  -> (artifact id: 'c522a68511757ec29bfd95ee9ad6bdc3') in 0.009692 seconds
  Import took 0.013073 seconds .

========================================================================
Received Import Request.
  Time since last request: 3.797297 seconds.
  path: Assets/Script/SaveData.cs
  artifactKey: Guid(98398a8b2b3a1e54bbf62b77805a36c5) Importer(815301076,1909f56bfc062723c751e8b465ee728b)
Start importing Assets/Script/SaveData.cs using Guid(98398a8b2b3a1e54bbf62b77805a36c5) Importer(815301076,1909f56bfc062723c751e8b465ee728b)  -> (artifact id: 'b3c8a97a77759e0565807ed333ddc881') in 0.086965 seconds
  Import took 0.090038 seconds .

========================================================================
Received Prepare
Registering precompiled user dll's ...
Registered in 0.010375 seconds.
Begin MonoManager ReloadAssembly
Native extension for WindowsStandalone target not found
Refreshing native plugins compatible for Editor in 0.47 ms, found 2 plugins.
Preloading 0 native plugins for Editor in 0.00 ms.
Invoked RoslynAnalysisRunner static constructor.
RoslynAnalysisRunner will not be running.
RoslynAnalysisRunner has terminated.
Mono: successfully reloaded assembly
- Completed reload, in  0.951 seconds
Platform modules already initialized, skipping
Refreshing native plugins compatible for Editor in 0.48 ms, found 2 plugins.
Preloading 0 native plugins for Editor in 0.00 ms.
Unloading 1811 Unused Serialized files (Serialized files now loaded: 0)
System memory in use before: 92.9 MB.
System memory in use after: 92.9 MB.

Unloading 28 unused Assets to reduce memory usage. Loaded Objects now: 2483.
Total: 2.046100 ms (FindLiveObjects: 0.263900 ms CreateObjectMapping: 0.042200 ms MarkObjects: 1.621400 ms  DeleteObjects: 0.117800 ms)

========================================================================
Received Prepare
Registering precompiled user dll's ...
Registered in 0.009661 seconds.
Begin MonoManager ReloadAssembly
Native extension for WindowsStandalone target not found
Refreshing native plugins compatible for Editor in 0.49 ms, found 2 plugins.
Preloading 0 native plugins for Editor in 0.00 ms.
Invoked RoslynAnalysisRunner static constructor.
RoslynAnalysisRunner will not be running.
RoslynAnalysisRunner has terminated.
Mono: successfully reloaded assembly
- Completed reload, in  0.986 seconds
Platform modules already initialized, skipping
Refreshing native plugins compatible for Editor in 0.48 ms, found 2 plugins.
Preloading 0 native plugins for Editor in 0.00 ms.
Unloading 1811 Unused Serialized files (Serialized files now loaded: 0)
System memory in use before: 93.0 MB.
System memory in use after: 93.0 MB.

Unloading 28 unused Assets to reduce memory usage. Loaded Objects now: 2486.
Total: 2.022400 ms (FindLiveObjects: 0.270700 ms CreateObjectMapping: 0.048200 ms MarkObjects: 1.591300 ms  DeleteObjects: 0.110900 ms)

========================================================================
Received Import Request.
  Time since last request: 101.829772 seconds.
  path: Assets/Script/SaveData.cs
  artifactKey: Guid(98398a8b2b3a1e54bbf62b77805a36c5) Importer(815301076,1909f56bfc062723c751e8b465ee728b)
Start importing Assets/Script/SaveData.cs using Guid(98398a8b2b3a1e54bbf62b77805a36c5) Importer(815301076,1909f56bfc062723c751e8b465ee728b)  -> (artifact id: '87b47e1479226425653b17edddf2a630') in 0.007169 seconds
  Import took 0.010246 seconds .

========================================================================
Received Import Request.
  Time since last request: 0.006197 seconds.
  path: Assets/Script/SaveData.cs
  artifactKey: Guid(98398a8b2b3a1e54bbf62b77805a36c5) Importer(815301076,1909f56bfc062723c751e8b465ee728b)
Start importing Assets/Script/SaveData.cs using Guid(98398a8b2b3a1e54bbf62b77805a36c5) Importer(815301076,1909f56bfc062723c751e8b465ee728b)  -> (artifact id: '87b47e1479226425653b17edddf2a630') in 0.003787 seconds
  Import took 0.007816 seconds .

========================================================================
Received Prepare
Registering precompiled user dll's ...
Registered in 0.010540 seconds.
Begin MonoManager ReloadAssembly
Native extension for WindowsStandalone target not found
Refreshing native plugins compatible for Editor in 0.47 ms, found 2 plugins.
Preloading 0 native plugins for Editor in 0.00 ms.
Invoked RoslynAnalysisRunner static constructor.
RoslynAnalysisRunner will not be running.
RoslynAnalysisRunner has terminated.
Mono: successfully reloaded assembly
- Completed reload, in  0.915 seconds
Platform modules already initialized, skipping
Refreshing native plugins compatible for Editor in 0.48 ms, found 2 plugins.
Preloading 0 native plugins for Editor in 0.00 ms.
Unloading 1811 Unused Serialized files (Serialized files now loaded: 0)
System memory in use before: 93.0 MB.
System memory in use after: 93.0 MB.

Unloading 28 unused Assets to reduce memory usage. Loaded Objects now: 2489.
Total: 2.084400 ms (FindLiveObjects: 0.215000 ms CreateObjectMapping: 0.041500 ms MarkObjects: 1.715800 ms  DeleteObjects: 0.111100 ms)

========================================================================
Received Prepare
Registering precompiled user dll's ...
Registered in 0.013976 seconds.
Begin MonoManager ReloadAssembly
Native extension for WindowsStandalone target not found
Refreshing native plugins compatible for Editor in 0.47 ms, found 2 plugins.
Preloading 0 native plugins for Editor in 0.00 ms.
Invoked RoslynAnalysisRunner static constructor.
RoslynAnalysisRunner will not be running.
RoslynAnalysisRunner has terminated.
Mono: successfully reloaded assembly
- Completed reload, in  0.912 seconds
Platform modules already initialized, skipping
Refreshing native plugins compatible for Editor in 0.65 ms, found 2 plugins.
Preloading 0 native plugins for Editor in 0.00 ms.
Unloading 1811 Unused Serialized files (Serialized files now loaded: 0)
System memory in use before: 93.1 MB.
System memory in use after: 93.1 MB.

Unloading 28 unused Assets to reduce memory usage. Loaded Objects now: 2492.
Total: 3.526700 ms (FindLiveObjects: 0.887900 ms CreateObjectMapping: 0.122700 ms MarkObjects: 2.387800 ms  DeleteObjects: 0.126900 ms)

========================================================================
Received Prepare
Registering precompiled user dll's ...
Registered in 0.010642 seconds.
Begin MonoManager ReloadAssembly
Native extension for WindowsStandalone target not found
Refreshing native plugins compatible for Editor in 0.47 ms, found 2 plugins.
Preloading 0 native plugins for Editor in 0.00 ms.
Invoked RoslynAnalysisRunner static constructor.
RoslynAnalysisRunner will not be running.
RoslynAnalysisRunner has terminated.
Mono: successfully reloaded assembly
- Completed reload, in  1.001 seconds
Platform modules already initialized, skipping
Refreshing native plugins compatible for Editor in 1.49 ms, found 2 plugins.
Preloading 0 native plugins for Editor in 0.00 ms.
Unloading 1811 Unused Serialized files (Serialized files now loaded: 0)
System memory in use before: 93.2 MB.
System memory in use after: 93.2 MB.

Unloading 28 unused Assets to reduce memory usage. Loaded Objects now: 2495.
Total: 2.260100 ms (FindLiveObjects: 0.307400 ms CreateObjectMapping: 0.044900 ms MarkObjects: 1.772900 ms  DeleteObjects: 0.133800 ms)

========================================================================
Received Prepare
Registering precompiled user dll's ...
Registered in 0.010464 seconds.
Begin MonoManager ReloadAssembly
Native extension for WindowsStandalone target not found
Refreshing native plugins compatible for Editor in 0.46 ms, found 2 plugins.
Preloading 0 native plugins for Editor in 0.00 ms.
Invoked RoslynAnalysisRunner static constructor.
RoslynAnalysisRunner will not be running.
RoslynAnalysisRunner has terminated.
Mono: successfully reloaded assembly
- Completed reload, in  0.900 seconds
Platform modules already initialized, skipping
Refreshing native plugins compatible for Editor in 0.47 ms, found 2 plugins.
Preloading 0 native plugins for Editor in 0.00 ms.
Unloading 1811 Unused Serialized files (Serialized files now loaded: 0)
System memory in use before: 93.3 MB.
System memory in use after: 93.3 MB.

Unloading 28 unused Assets to reduce memory usage. Loaded Objects now: 2498.
Total: 2.155300 ms (FindLiveObjects: 0.226100 ms CreateObjectMapping: 0.043600 ms MarkObjects: 1.766700 ms  DeleteObjects: 0.117900 ms)

========================================================================
Received Import Request.
  Time since last request: 1504.304511 seconds.
  path: Assets/Button
  artifactKey: Guid(3b86bfb4ddd2bf94281790bcd6e9ca18) Importer(815301076,1909f56bfc062723c751e8b465ee728b)
Start importing Assets/Button using Guid(3b86bfb4ddd2bf94281790bcd6e9ca18) Importer(815301076,1909f56bfc062723c751e8b465ee728b)  -> (artifact id: '6e14cd9bed5c4142c2e47de2854009de') in 0.013010 seconds
  Import took 0.016020 seconds .

========================================================================
Received Import Request.
  Time since last request: 0.104020 seconds.
  path: Assets/Button/flatLight22.png
  artifactKey: Guid(b72c63a3fbcdd944b91a173e81d9dae6) Importer(815301076,1909f56bfc062723c751e8b465ee728b)
Start importing Assets/Button/flatLight22.png using Guid(b72c63a3fbcdd944b91a173e81d9dae6) Importer(815301076,1909f56bfc062723c751e8b465ee728b)  -> (artifact id: '827cabae0025e281c4873db80ccc25da') in 0.152637 seconds
  Import took 0.156184 seconds .

========================================================================
Received Import Request.
  Time since last request: 0.000295 seconds.
  path: Assets/Button/flatLight43.png
  artifactKey: Guid(5441531b55639fd4a845e6bb69fdb7cf) Importer(815301076,1909f56bfc062723c751e8b465ee728b)
Start importing Assets/Button/flatLight43.png using Guid(5441531b55639fd4a845e6bb69fdb7cf) Importer(815301076,1909f56bfc062723c751e8b465ee728b)  -> (artifact id: 'fe7baf84198ffe73f29bdad8f1b49aa9') in 0.021745 seconds
  Import took 0.025536 seconds .

========================================================================
Received Import Request.
  Time since last request: 0.000334 seconds.
  path: Assets/Button/flatLight47.png
  artifactKey: Guid(4eb6da0f98cccf5448461067256518de) Importer(815301076,1909f56bfc062723c751e8b465ee728b)
Start importing Assets/Button/flatLight47.png using Guid(4eb6da0f98cccf5448461067256518de) Importer(815301076,1909f56bfc062723c751e8b465ee728b)  -> (artifact id: 'a49083e681feb24762fb155632057d9e') in 0.021977 seconds
  Import took 0.025295 seconds .

========================================================================
Received Import Request.
  Time since last request: 0.000302 seconds.
  path: Assets/Button/flatLight23.png
  artifactKey: Guid(4fb7c47253c8dec4f945726b5e150630) Importer(815301076,1909f56bfc062723c751e8b465ee728b)
Start importing Assets/Button/flatLight23.png using Guid(4fb7c47253c8dec4f945726b5e150630) Importer(815301076,1909f56bfc062723c751e8b465ee728b)  -> (artifact id: '2c00a22b768246d1b2da7ddfb202a884') in 0.021321 seconds
  Import took 0.024272 seconds .

========================================================================
Received Prepare
Registering precompiled user dll's ...
Registered in 0.014315 seconds.
Begin MonoManager ReloadAssembly
Native extension for WindowsStandalone target not found
Refreshing native plugins compatible for Editor in 0.48 ms, found 2 plugins.
Preloading 0 native plugins for Editor in 0.00 ms.
Invoked RoslynAnalysisRunner static constructor.
RoslynAnalysisRunner will not be running.
RoslynAnalysisRunner has terminated.
Mono: successfully reloaded assembly
- Completed reload, in  0.922 seconds
Platform modules already initialized, skipping
Refreshing native plugins compatible for Editor in 0.55 ms, found 2 plugins.
Preloading 0 native plugins for Editor in 0.00 ms.
Unloading 1811 Unused Serialized files (Serialized files now loaded: 0)
System memory in use before: 93.4 MB.
System memory in use after: 93.4 MB.

Unloading 28 unused Assets to reduce memory usage. Loaded Objects now: 2504.
Total: 3.480900 ms (FindLiveObjects: 0.636500 ms CreateObjectMapping: 0.079300 ms MarkObjects: 2.561100 ms  DeleteObjects: 0.202500 ms)

========================================================================
Received Prepare
Registering precompiled user dll's ...
Registered in 0.011257 seconds.
Begin MonoManager ReloadAssembly
Native extension for WindowsStandalone target not found
Refreshing native plugins compatible for Editor in 0.47 ms, found 2 plugins.
Preloading 0 native plugins for Editor in 0.00 ms.
Invoked RoslynAnalysisRunner static constructor.
RoslynAnalysisRunner will not be running.
RoslynAnalysisRunner has terminated.
Mono: successfully reloaded assembly
- Completed reload, in  0.896 seconds
Platform modules already initialized, skipping
Refreshing native plugins compatible for Editor in 0.50 ms, found 2 plugins.
Preloading 0 native plugins for Editor in 0.00 ms.
Unloading 1811 Unused Serialized files (Serialized files now loaded: 0)
System memory in use before: 93.5 MB.
System memory in use after: 93.5 MB.

Unloading 28 unused Assets to reduce memory usage. Loaded Objects now: 2507.
Total: 2.145400 ms (FindLiveObjects: 0.306600 ms CreateObjectMapping: 0.049300 ms MarkObjects: 1.676400 ms  DeleteObjects: 0.111600 ms)

========================================================================
Received Prepare
Registering precompiled user dll's ...
Registered in 0.012099 seconds.
Begin MonoManager ReloadAssembly
Native extension for WindowsStandalone target not found
Refreshing native plugins compatible for Editor in 0.46 ms, found 2 plugins.
Preloading 0 native plugins for Editor in 0.00 ms.
Invoked RoslynAnalysisRunner static constructor.
RoslynAnalysisRunner will not be running.
RoslynAnalysisRunner has terminated.
Mono: successfully reloaded assembly
- Completed reload, in  0.892 seconds
Platform modules already initialized, skipping
Refreshing native plugins compatible for Editor in 0.47 ms, found 2 plugins.
Preloading 0 native plugins for Editor in 0.00 ms.
Unloading 1811 Unused Serialized files (Serialized files now loaded: 0)
System memory in use before: 93.5 MB.
System memory in use after: 93.5 MB.

Unloading 28 unused Assets to reduce memory usage. Loaded Objects now: 2510.
Total: 2.023400 ms (FindLiveObjects: 0.256300 ms CreateObjectMapping: 0.044500 ms MarkObjects: 1.609400 ms  DeleteObjects: 0.111100 ms)

========================================================================
Received Prepare
Registering precompiled user dll's ...
Registered in 0.053108 seconds.
Begin MonoManager ReloadAssembly
Native extension for WindowsStandalone target not found
Refreshing native plugins compatible for Editor in 0.46 ms, found 2 plugins.
Preloading 0 native plugins for Editor in 0.00 ms.
Invoked RoslynAnalysisRunner static constructor.
RoslynAnalysisRunner will not be running.
RoslynAnalysisRunner has terminated.
Mono: successfully reloaded assembly
- Completed reload, in  0.920 seconds
Platform modules already initialized, skipping
Refreshing native plugins compatible for Editor in 0.57 ms, found 2 plugins.
Preloading 0 native plugins for Editor in 0.00 ms.
Unloading 1811 Unused Serialized files (Serialized files now loaded: 0)
System memory in use before: 93.6 MB.
System memory in use after: 93.6 MB.

Unloading 28 unused Assets to reduce memory usage. Loaded Objects now: 2513.
Total: 3.445000 ms (FindLiveObjects: 0.239200 ms CreateObjectMapping: 0.054400 ms MarkObjects: 2.989700 ms  DeleteObjects: 0.159800 ms)

========================================================================
Received Prepare
Registering precompiled user dll's ...
Registered in 0.010622 seconds.
Begin MonoManager ReloadAssembly
Native extension for WindowsStandalone target not found
Refreshing native plugins compatible for Editor in 0.46 ms, found 2 plugins.
Preloading 0 native plugins for Editor in 0.00 ms.
Invoked RoslynAnalysisRunner static constructor.
RoslynAnalysisRunner will not be running.
RoslynAnalysisRunner has terminated.
Mono: successfully reloaded assembly
- Completed reload, in  0.903 seconds
Platform modules already initialized, skipping
Refreshing native plugins compatible for Editor in 0.48 ms, found 2 plugins.
Preloading 0 native plugins for Editor in 0.00 ms.
Unloading 1811 Unused Serialized files (Serialized files now loaded: 0)
System memory in use before: 93.6 MB.
System memory in use after: 93.6 MB.

Unloading 28 unused Assets to reduce memory usage. Loaded Objects now: 2516.
Total: 2.052800 ms (FindLiveObjects: 0.223400 ms CreateObjectMapping: 0.044100 ms MarkObjects: 1.636700 ms  DeleteObjects: 0.147600 ms)

========================================================================
Received Import Request.
  Time since last request: 950.227104 seconds.
  path: Assets/Scenes/Level2.unity
  artifactKey: Guid(0405d25a068f0e647b3c248139533d61) Importer(815301076,1909f56bfc062723c751e8b465ee728b)
Start importing Assets/Scenes/Level2.unity using Guid(0405d25a068f0e647b3c248139533d61) Importer(815301076,1909f56bfc062723c751e8b465ee728b)  -> (artifact id: '6c01ea354818d877cbac3283ca51feb6') in 0.012435 seconds
  Import took 0.015472 seconds .

========================================================================
Received Import Request.
  Time since last request: 4.764882 seconds.
  path: Assets/Scenes/Level1.unity
  artifactKey: Guid(837f4523456ed084eb988b280fe56987) Importer(815301076,1909f56bfc062723c751e8b465ee728b)
Start importing Assets/Scenes/Level1.unity using Guid(837f4523456ed084eb988b280fe56987) Importer(815301076,1909f56bfc062723c751e8b465ee728b)  -> (artifact id: '2f8d57d71a7b3ad0c698da03b9945062') in 0.007768 seconds
  Import took 0.010722 seconds .

========================================================================
Received Prepare
Registering precompiled user dll's ...
Registered in 0.011391 seconds.
Begin MonoManager ReloadAssembly
Native extension for WindowsStandalone target not found
Refreshing native plugins compatible for Editor in 0.47 ms, found 2 plugins.
Preloading 0 native plugins for Editor in 0.00 ms.
Invoked RoslynAnalysisRunner static constructor.
RoslynAnalysisRunner will not be running.
RoslynAnalysisRunner has terminated.
Mono: successfully reloaded assembly
- Completed reload, in  1.683 seconds
Platform modules already initialized, skipping
Switching build target platform(5) subTarget(0) extendedPlatform(0) -> platform(13) subTarget(537395200) extendedPlatform(0)
Refreshing native plugins compatible for Editor in 0.48 ms, found 2 plugins.
Preloading 0 native plugins for Editor in 0.00 ms.
Unloading 1815 Unused Serialized files (Serialized files now loaded: 0)
System memory in use before: 92.8 MB.
System memory in use after: 92.8 MB.

Unloading 28 unused Assets to reduce memory usage. Loaded Objects now: 2519.
Total: 2.478400 ms (FindLiveObjects: 0.315900 ms CreateObjectMapping: 0.058600 ms MarkObjects: 1.948600 ms  DeleteObjects: 0.153400 ms)

AssetImportParameters requested are different than current active one (requested -> active):
  custom:graphics/normal-map-encoding: 01000000000000000000000000000000 -> 02000000000000000000000000000000
========================================================================
Received Prepare
Refreshing native plugins compatible for Editor in 29.05 ms, found 2 plugins.
Preloading 0 native plugins for Editor in 0.00 ms.
Unloading 26 Unused Serialized files (Serialized files now loaded: 0)
System memory in use before: 57.6 MB.
System memory in use after: 57.6 MB.

Unloading 26 unused Assets to reduce memory usage. Loaded Objects now: 2519.
Total: 4.842700 ms (FindLiveObjects: 0.234200 ms CreateObjectMapping: 0.047000 ms MarkObjects: 4.349400 ms  DeleteObjects: 0.209800 ms)

========================================================================
Received Prepare
Registering precompiled user dll's ...
Registered in 0.013728 seconds.
Begin MonoManager ReloadAssembly
Native extension for WindowsStandalone target not found
Refreshing native plugins compatible for Editor in 0.55 ms, found 2 plugins.
Preloading 0 native plugins for Editor in 0.00 ms.
Invoked RoslynAnalysisRunner static constructor.
RoslynAnalysisRunner will not be running.
RoslynAnalysisRunner has terminated.
Mono: successfully reloaded assembly
- Completed reload, in  2.087 seconds
Platform modules already initialized, skipping
Switching build target platform(5) subTarget(0) extendedPlatform(0) -> platform(13) subTarget(537395200) extendedPlatform(0)
Refreshing native plugins compatible for Editor in 0.67 ms, found 2 plugins.
Preloading 0 native plugins for Editor in 0.00 ms.
Unloading 1815 Unused Serialized files (Serialized files now loaded: 0)
System memory in use before: 92.9 MB.
System memory in use after: 92.9 MB.

Unloading 28 unused Assets to reduce memory usage. Loaded Objects now: 2522.
Total: 2.073400 ms (FindLiveObjects: 0.306100 ms CreateObjectMapping: 0.046400 ms MarkObjects: 1.608800 ms  DeleteObjects: 0.110900 ms)

AssetImportParameters requested are different than current active one (requested -> active):
  custom:graphics/normal-map-encoding: 01000000000000000000000000000000 -> 02000000000000000000000000000000
AssetImportWorkerClient::OnTransportError - code=2 error=End of file
